<?xml version="1.0" encoding="UTF-8"?>
<testng-results skipped="0" failed="0" total="1" passed="1">
  <reporter-output>
  </reporter-output>
  <suite name="Default suite" duration-ms="88" started-at="2020-02-27T07:34:28Z" finished-at="2020-02-27T07:34:28Z">
    <groups>
    </groups>
    <test name="Default test" duration-ms="88" started-at="2020-02-27T07:34:28Z" finished-at="2020-02-27T07:34:28Z">
      <class name="TestCases.NewTest1">
        <test-method status="PASS" signature="method1()[pri:0, instance:TestCases.NewTest1@2cb4c3ab]" name="method1" duration-ms="38" started-at="2020-02-27T13:04:28Z" finished-at="2020-02-27T13:04:28Z">
          <reporter-output>
          </reporter-output>
        </test-method> <!-- method1 -->
      </class> <!-- TestCases.NewTest1 -->
    </test> <!-- Default test -->
  </suite> <!-- Default suite -->
</testng-results>
